{"contracts/Badges.sol":{"l":{"27":78,"28":78,"29":78,"30":78,"31":78,"32":78,"37":0,"38":0,"48":4,"49":4,"59":325,"60":325,"61":325,"62":1288,"64":325,"68":24,"78":6,"80":6,"81":6,"82":5,"83":4,"84":2,"85":2,"87":1,"88":1,"89":1,"97":325,"98":325,"99":325,"101":323,"102":323,"104":323,"105":323,"106":323,"107":323,"108":337,"109":337,"113":321,"114":321,"118":323,"119":321,"121":320,"122":320,"123":320,"135":470,"136":470,"137":470,"138":470,"139":470,"140":470,"141":470,"145":1,"149":2,"151":2,"152":3,"157":1,"159":1,"160":1,"161":2,"170":3,"171":3,"173":3,"174":3,"175":4,"176":4,"181":3,"182":3,"183":3,"184":6,"189":1,"190":1,"191":2,"196":1,"198":1,"199":2,"204":0,"205":0,"216":321,"218":321,"219":321,"232":329,"234":329,"235":329,"236":329,"237":329,"242":329,"246":329,"247":329,"248":329},"path":"/home/slymewl/Workspace/pellar/mittaria/smart-contracts/contracts/Badges.sol","s":{"1":78,"2":78,"3":78,"4":78,"5":78,"6":78,"7":0,"8":0,"9":4,"10":4,"11":325,"12":325,"13":325,"14":1288,"15":325,"16":24,"17":6,"18":6,"19":6,"20":5,"21":4,"22":2,"23":2,"24":1,"25":1,"26":1,"27":325,"28":325,"29":325,"30":323,"31":323,"32":323,"33":323,"34":323,"35":323,"36":337,"37":337,"38":321,"39":323,"40":321,"41":320,"42":320,"43":320,"44":470,"45":470,"46":470,"47":470,"48":470,"49":470,"50":470,"51":1,"52":2,"53":2,"54":3,"55":1,"56":1,"57":1,"58":2,"59":3,"60":3,"61":3,"62":3,"63":4,"64":4,"65":3,"66":3,"67":3,"68":6,"69":1,"70":1,"71":2,"72":1,"73":1,"74":2,"75":0,"76":0,"77":321,"78":321,"79":321,"80":329,"81":329,"82":329,"83":329,"84":329,"85":329,"86":329,"87":329},"b":{"1":[0,0],"2":[6,0],"3":[5,1],"4":[4,1],"5":[2,2],"6":[2,0],"7":[1,1],"8":[325,0],"9":[323,2],"10":[321,16],"11":[321,2],"12":[320,1],"13":[2,0],"14":[1,0],"15":[3,0],"16":[3,0],"17":[3,0],"18":[1,0],"19":[1,0],"20":[321,0],"21":[329,0]},"f":{"1":78,"2":0,"3":4,"4":325,"5":24,"6":6,"7":325,"8":470,"9":1,"10":2,"11":1,"12":3,"13":3,"14":1,"15":1,"16":0,"17":321,"18":329,"19":329},"fnMap":{"1":{"name":"constructor","line":26,"loc":{"start":{"line":26,"column":2},"end":{"line":33,"column":2}}},"2":{"name":"uri","line":36,"loc":{"start":{"line":36,"column":2},"end":{"line":39,"column":2}}},"3":{"name":"eligibleClaim","line":41,"loc":{"start":{"line":41,"column":2},"end":{"line":50,"column":2}}},"4":{"name":"eligibleClaimLand","line":52,"loc":{"start":{"line":52,"column":2},"end":{"line":65,"column":2}}},"5":{"name":"getTokenInfo","line":67,"loc":{"start":{"line":67,"column":2},"end":{"line":69,"column":2}}},"6":{"name":"mint","line":72,"loc":{"start":{"line":72,"column":2},"end":{"line":90,"column":2}}},"7":{"name":"mintLand","line":92,"loc":{"start":{"line":92,"column":2},"end":{"line":124,"column":2}}},"8":{"name":"setupToken","line":134,"loc":{"start":{"line":127,"column":2},"end":{"line":142,"column":2}}},"9":{"name":"setVerifier","line":144,"loc":{"start":{"line":144,"column":2},"end":{"line":146,"column":2}}},"10":{"name":"setupMaxPerTxn","line":148,"loc":{"start":{"line":148,"column":2},"end":{"line":154,"column":2}}},"11":{"name":"setupQuantity","line":156,"loc":{"start":{"line":156,"column":2},"end":{"line":163,"column":2}}},"12":{"name":"setupActiveTime","line":169,"loc":{"start":{"line":165,"column":2},"end":{"line":178,"column":2}}},"13":{"name":"setupPrice","line":180,"loc":{"start":{"line":180,"column":2},"end":{"line":186,"column":2}}},"14":{"name":"setTokensUri","line":188,"loc":{"start":{"line":188,"column":2},"end":{"line":193,"column":2}}},"15":{"name":"toggleTrading","line":195,"loc":{"start":{"line":195,"column":2},"end":{"line":201,"column":2}}},"16":{"name":"withdraw","line":203,"loc":{"start":{"line":203,"column":2},"end":{"line":206,"column":2}}},"17":{"name":"_beforeTokenTransfer","line":208,"loc":{"start":{"line":208,"column":2},"end":{"line":221,"column":2}}},"18":{"name":"splitSignature","line":223,"loc":{"start":{"line":223,"column":2},"end":{"line":243,"column":2}}},"19":{"name":"validSignature","line":245,"loc":{"start":{"line":245,"column":2},"end":{"line":249,"column":2}}}},"statementMap":{"1":{"start":{"line":27,"column":4},"end":{"line":27,"column":128}},"2":{"start":{"line":28,"column":4},"end":{"line":28,"column":130}},"3":{"start":{"line":29,"column":4},"end":{"line":29,"column":127}},"4":{"start":{"line":30,"column":4},"end":{"line":30,"column":127}},"5":{"start":{"line":31,"column":4},"end":{"line":31,"column":127}},"6":{"start":{"line":32,"column":4},"end":{"line":32,"column":127}},"7":{"start":{"line":37,"column":4},"end":{"line":37,"column":42}},"8":{"start":{"line":38,"column":4},"end":{"line":38,"column":34}},"9":{"start":{"line":48,"column":4},"end":{"line":48,"column":93}},"10":{"start":{"line":49,"column":4},"end":{"line":49,"column":101}},"11":{"start":{"line":59,"column":4},"end":{"line":59,"column":94}},"12":{"start":{"line":60,"column":4},"end":{"line":60,"column":17}},"13":{"start":{"line":61,"column":4},"end":{"line":61,"column":2506}},"14":{"start":{"line":62,"column":6},"end":{"line":62,"column":45}},"15":{"start":{"line":64,"column":4},"end":{"line":64,"column":79}},"16":{"start":{"line":68,"column":4},"end":{"line":68,"column":27}},"17":{"start":{"line":78,"column":4},"end":{"line":78,"column":46}},"18":{"start":{"line":80,"column":4},"end":{"line":80,"column":50}},"19":{"start":{"line":81,"column":4},"end":{"line":81,"column":93}},"20":{"start":{"line":82,"column":4},"end":{"line":82,"column":54}},"21":{"start":{"line":83,"column":4},"end":{"line":83,"column":96}},"22":{"start":{"line":84,"column":4},"end":{"line":84,"column":66}},"23":{"start":{"line":85,"column":4},"end":{"line":85,"column":71}},"24":{"start":{"line":87,"column":4},"end":{"line":87,"column":43}},"25":{"start":{"line":88,"column":4},"end":{"line":88,"column":26}},"26":{"start":{"line":89,"column":4},"end":{"line":89,"column":43}},"27":{"start":{"line":97,"column":4},"end":{"line":97,"column":20}},"28":{"start":{"line":98,"column":4},"end":{"line":98,"column":50}},"29":{"start":{"line":99,"column":4},"end":{"line":99,"column":100}},"30":{"start":{"line":101,"column":4},"end":{"line":101,"column":35}},"31":{"start":{"line":102,"column":4},"end":{"line":102,"column":105}},"32":{"start":{"line":104,"column":4},"end":{"line":104,"column":18}},"33":{"start":{"line":105,"column":4},"end":{"line":105,"column":17}},"34":{"start":{"line":106,"column":4},"end":{"line":106,"column":28}},"35":{"start":{"line":107,"column":4},"end":{"line":107,"column":4107}},"36":{"start":{"line":108,"column":6},"end":{"line":108,"column":36}},"37":{"start":{"line":109,"column":6},"end":{"line":109,"column":4181}},"38":{"start":{"line":113,"column":8},"end":{"line":113,"column":22}},"39":{"start":{"line":118,"column":4},"end":{"line":118,"column":38}},"40":{"start":{"line":119,"column":4},"end":{"line":119,"column":80}},"41":{"start":{"line":121,"column":4},"end":{"line":121,"column":41}},"42":{"start":{"line":122,"column":4},"end":{"line":122,"column":35}},"43":{"start":{"line":123,"column":4},"end":{"line":123,"column":41}},"44":{"start":{"line":135,"column":4},"end":{"line":135,"column":46}},"45":{"start":{"line":136,"column":4},"end":{"line":136,"column":40}},"46":{"start":{"line":137,"column":4},"end":{"line":137,"column":40}},"47":{"start":{"line":138,"column":4},"end":{"line":138,"column":36}},"48":{"start":{"line":139,"column":4},"end":{"line":139,"column":50}},"49":{"start":{"line":140,"column":4},"end":{"line":140,"column":36}},"50":{"start":{"line":141,"column":4},"end":{"line":141,"column":22}},"51":{"start":{"line":145,"column":4},"end":{"line":145,"column":21}},"52":{"start":{"line":149,"column":4},"end":{"line":149,"column":67}},"53":{"start":{"line":151,"column":4},"end":{"line":151,"column":5425}},"54":{"start":{"line":152,"column":6},"end":{"line":152,"column":53}},"55":{"start":{"line":157,"column":4},"end":{"line":157,"column":68}},"56":{"start":{"line":159,"column":4},"end":{"line":159,"column":42}},"57":{"start":{"line":160,"column":4},"end":{"line":160,"column":5765}},"58":{"start":{"line":161,"column":6},"end":{"line":161,"column":51}},"59":{"start":{"line":170,"column":4},"end":{"line":170,"column":63}},"60":{"start":{"line":171,"column":4},"end":{"line":171,"column":61}},"61":{"start":{"line":173,"column":4},"end":{"line":173,"column":42}},"62":{"start":{"line":174,"column":4},"end":{"line":174,"column":6189}},"63":{"start":{"line":175,"column":6},"end":{"line":175,"column":43}},"64":{"start":{"line":176,"column":6},"end":{"line":176,"column":39}},"65":{"start":{"line":181,"column":4},"end":{"line":181,"column":63}},"66":{"start":{"line":182,"column":4},"end":{"line":182,"column":42}},"67":{"start":{"line":183,"column":4},"end":{"line":183,"column":6537}},"68":{"start":{"line":184,"column":6},"end":{"line":184,"column":43}},"69":{"start":{"line":189,"column":4},"end":{"line":189,"column":61}},"70":{"start":{"line":190,"column":4},"end":{"line":190,"column":6796}},"71":{"start":{"line":191,"column":6},"end":{"line":191,"column":39}},"72":{"start":{"line":196,"column":4},"end":{"line":196,"column":64}},"73":{"start":{"line":198,"column":4},"end":{"line":198,"column":7070}},"74":{"start":{"line":199,"column":6},"end":{"line":199,"column":53}},"75":{"start":{"line":204,"column":4},"end":{"line":204,"column":43}},"76":{"start":{"line":205,"column":4},"end":{"line":205,"column":40}},"77":{"start":{"line":216,"column":4},"end":{"line":216,"column":69}},"78":{"start":{"line":218,"column":4},"end":{"line":218,"column":7620}},"79":{"start":{"line":219,"column":6},"end":{"line":219,"column":90}},"80":{"start":{"line":232,"column":4},"end":{"line":232,"column":57}},"81":{"start":{"line":234,"column":4},"end":{"line":234,"column":11}},"82":{"start":{"line":235,"column":4},"end":{"line":235,"column":13}},"83":{"start":{"line":236,"column":4},"end":{"line":236,"column":13}},"84":{"start":{"line":242,"column":4},"end":{"line":242,"column":20}},"85":{"start":{"line":246,"column":4},"end":{"line":246,"column":108}},"86":{"start":{"line":247,"column":4},"end":{"line":247,"column":64}},"87":{"start":{"line":248,"column":4},"end":{"line":248,"column":63}}},"branchMap":{"1":{"line":37,"type":"if","locations":[{"start":{"line":37,"column":4},"end":{"line":37,"column":4}},{"start":{"line":37,"column":4},"end":{"line":37,"column":4}}]},"2":{"line":80,"type":"if","locations":[{"start":{"line":80,"column":4},"end":{"line":80,"column":4}},{"start":{"line":80,"column":4},"end":{"line":80,"column":4}}]},"3":{"line":81,"type":"if","locations":[{"start":{"line":81,"column":4},"end":{"line":81,"column":4}},{"start":{"line":81,"column":4},"end":{"line":81,"column":4}}]},"4":{"line":82,"type":"if","locations":[{"start":{"line":82,"column":4},"end":{"line":82,"column":4}},{"start":{"line":82,"column":4},"end":{"line":82,"column":4}}]},"5":{"line":83,"type":"if","locations":[{"start":{"line":83,"column":4},"end":{"line":83,"column":4}},{"start":{"line":83,"column":4},"end":{"line":83,"column":4}}]},"6":{"line":84,"type":"if","locations":[{"start":{"line":84,"column":4},"end":{"line":84,"column":4}},{"start":{"line":84,"column":4},"end":{"line":84,"column":4}}]},"7":{"line":85,"type":"if","locations":[{"start":{"line":85,"column":4},"end":{"line":85,"column":4}},{"start":{"line":85,"column":4},"end":{"line":85,"column":4}}]},"8":{"line":98,"type":"if","locations":[{"start":{"line":98,"column":4},"end":{"line":98,"column":4}},{"start":{"line":98,"column":4},"end":{"line":98,"column":4}}]},"9":{"line":99,"type":"if","locations":[{"start":{"line":99,"column":4},"end":{"line":99,"column":4}},{"start":{"line":99,"column":4},"end":{"line":99,"column":4}}]},"10":{"line":109,"type":"if","locations":[{"start":{"line":109,"column":6},"end":{"line":109,"column":6}},{"start":{"line":109,"column":6},"end":{"line":109,"column":6}}]},"11":{"line":118,"type":"if","locations":[{"start":{"line":118,"column":4},"end":{"line":118,"column":4}},{"start":{"line":118,"column":4},"end":{"line":118,"column":4}}]},"12":{"line":119,"type":"if","locations":[{"start":{"line":119,"column":4},"end":{"line":119,"column":4}},{"start":{"line":119,"column":4},"end":{"line":119,"column":4}}]},"13":{"line":149,"type":"if","locations":[{"start":{"line":149,"column":4},"end":{"line":149,"column":4}},{"start":{"line":149,"column":4},"end":{"line":149,"column":4}}]},"14":{"line":157,"type":"if","locations":[{"start":{"line":157,"column":4},"end":{"line":157,"column":4}},{"start":{"line":157,"column":4},"end":{"line":157,"column":4}}]},"15":{"line":170,"type":"if","locations":[{"start":{"line":170,"column":4},"end":{"line":170,"column":4}},{"start":{"line":170,"column":4},"end":{"line":170,"column":4}}]},"16":{"line":171,"type":"if","locations":[{"start":{"line":171,"column":4},"end":{"line":171,"column":4}},{"start":{"line":171,"column":4},"end":{"line":171,"column":4}}]},"17":{"line":181,"type":"if","locations":[{"start":{"line":181,"column":4},"end":{"line":181,"column":4}},{"start":{"line":181,"column":4},"end":{"line":181,"column":4}}]},"18":{"line":189,"type":"if","locations":[{"start":{"line":189,"column":4},"end":{"line":189,"column":4}},{"start":{"line":189,"column":4},"end":{"line":189,"column":4}}]},"19":{"line":196,"type":"if","locations":[{"start":{"line":196,"column":4},"end":{"line":196,"column":4}},{"start":{"line":196,"column":4},"end":{"line":196,"column":4}}]},"20":{"line":219,"type":"if","locations":[{"start":{"line":219,"column":6},"end":{"line":219,"column":6}},{"start":{"line":219,"column":6},"end":{"line":219,"column":6}}]},"21":{"line":232,"type":"if","locations":[{"start":{"line":232,"column":4},"end":{"line":232,"column":4}},{"start":{"line":232,"column":4},"end":{"line":232,"column":4}}]}}}}